<?xml version="1.0" encoding="UTF-8"?>
<testsuites name="Mocha Tests" time="7.423" tests="1" failures="1">
  <testsuite name="Root Suite" timestamp="2026-08-13T12:40:04" tests="0" file="cypress\e2e\checkout.cy.js" time="0.000" failures="0">
  </testsuite>
  <testsuite name="Fluxo de checkout" timestamp="2026-08-13T12:40:04" tests="1" time="7.417" failures="1">
    <testcase name="Fluxo de checkout deve adicionar produto ao carrinho e seguir para o checkout" time="0.000" classname="deve adicionar produto ao carrinho e seguir para o checkout">
      <failure message="Timed out retrying after 4000ms: Expected to find element: `select[name=&quot;attribute_size&quot;]`, but never found it." type="AssertionError"><![CDATA[AssertionError: Timed out retrying after 4000ms: Expected to find element: `select[name="attribute_size"]`, but never found it.
    at Object.selectSize (webpack://ebac-exerc-22/./cypress/app-actions/cart.actions.js:11:7)
    at Context.eval (webpack://ebac-exerc-22/./cypress/e2e/checkout.cy.js:10:9)]]></failure>
    </testcase>
  </testsuite>
</testsuites>